[dotenv@17.0.1] injecting env (3) from .env – [tip] encrypt with dotenvx: https://dotenvx.com
Backend API listening on port 4000
[2025-07-24T03:05:28.174Z] GET /health
[2025-07-24T03:05:32.218Z] GET /api/listings
[2025-07-24T03:05:49.812Z] GET /api/users/e9f7b0d4-3faf-45d5-b2da-91b317f05dab
[2025-07-24T03:05:49.828Z] GET /api/users/e9f7b0d4-3faf-45d5-b2da-91b317f05dab
[2025-07-24T03:05:49.830Z] GET /api/listings?user_id=e9f7b0d4-3faf-45d5-b2da-91b317f05dab
[2025-07-24T03:05:49.837Z] GET /api/users/e9f7b0d4-3faf-45d5-b2da-91b317f05dab
[2025-07-24T03:05:49.854Z] GET /api/listings?user_id=e9f7b0d4-3faf-45d5-b2da-91b317f05dab
[2025-07-24T03:05:49.911Z] GET /api/listings?user_id=e9f7b0d4-3faf-45d5-b2da-91b317f05dab
[2025-07-24T03:05:58.178Z] GET /api/users/e9f7b0d4-3faf-45d5-b2da-91b317f05dab
[2025-07-24T03:05:58.193Z] GET /api/users/e9f7b0d4-3faf-45d5-b2da-91b317f05dab
[2025-07-24T03:05:58.198Z] GET /api/listings?user_id=e9f7b0d4-3faf-45d5-b2da-91b317f05dab
[2025-07-24T03:05:58.228Z] GET /api/listings?user_id=e9f7b0d4-3faf-45d5-b2da-91b317f05dab
[2025-07-24T03:05:58.230Z] GET /api/users/e9f7b0d4-3faf-45d5-b2da-91b317f05dab
[2025-07-24T03:05:58.265Z] GET /api/listings?user_id=e9f7b0d4-3faf-45d5-b2da-91b317f05dab
[2025-07-24T03:06:28.376Z] GET /api/users/e9f7b0d4-3faf-45d5-b2da-91b317f05dab
[2025-07-24T03:06:28.401Z] GET /api/users/e9f7b0d4-3faf-45d5-b2da-91b317f05dab
[2025-07-24T03:06:28.405Z] GET /api/listings?user_id=e9f7b0d4-3faf-45d5-b2da-91b317f05dab
[2025-07-24T03:06:28.428Z] GET /api/users/e9f7b0d4-3faf-45d5-b2da-91b317f05dab
[2025-07-24T03:06:28.450Z] GET /api/listings?user_id=e9f7b0d4-3faf-45d5-b2da-91b317f05dab
[2025-07-24T03:06:28.499Z] GET /api/listings?user_id=e9f7b0d4-3faf-45d5-b2da-91b317f05dab
[2025-07-24T03:07:29.340Z] GET /api/users/e9f7b0d4-3faf-45d5-b2da-91b317f05dab
[2025-07-24T03:07:29.378Z] GET /api/users/e9f7b0d4-3faf-45d5-b2da-91b317f05dab
[2025-07-24T03:07:29.380Z] GET /api/listings?user_id=e9f7b0d4-3faf-45d5-b2da-91b317f05dab
[2025-07-24T03:07:29.385Z] GET /api/users/e9f7b0d4-3faf-45d5-b2da-91b317f05dab
[2025-07-24T03:07:29.387Z] GET /api/listings?user_id=e9f7b0d4-3faf-45d5-b2da-91b317f05dab
[2025-07-24T03:07:29.400Z] GET /api/listings?user_id=e9f7b0d4-3faf-45d5-b2da-91b317f05dab
[2025-07-24T03:08:41.957Z] GET /api/users/e9f7b0d4-3faf-45d5-b2da-91b317f05dab
[2025-07-24T03:08:41.976Z] GET /api/users/e9f7b0d4-3faf-45d5-b2da-91b317f05dab
[2025-07-24T03:08:41.982Z] GET /api/listings?user_id=e9f7b0d4-3faf-45d5-b2da-91b317f05dab
[2025-07-24T03:08:42.023Z] GET /api/users/e9f7b0d4-3faf-45d5-b2da-91b317f05dab
[2025-07-24T03:08:42.024Z] GET /api/listings?user_id=e9f7b0d4-3faf-45d5-b2da-91b317f05dab
[2025-07-24T03:08:42.069Z] GET /api/listings?user_id=e9f7b0d4-3faf-45d5-b2da-91b317f05dab
[2025-07-24T03:08:45.510Z] GET /api/users/e9f7b0d4-3faf-45d5-b2da-91b317f05dab
[2025-07-24T03:08:45.541Z] GET /api/users/e9f7b0d4-3faf-45d5-b2da-91b317f05dab
[2025-07-24T03:08:45.542Z] GET /api/listings?user_id=e9f7b0d4-3faf-45d5-b2da-91b317f05dab
[2025-07-24T03:08:45.567Z] GET /api/users/e9f7b0d4-3faf-45d5-b2da-91b317f05dab
[2025-07-24T03:08:45.567Z] GET /api/listings?user_id=e9f7b0d4-3faf-45d5-b2da-91b317f05dab
[2025-07-24T03:08:45.612Z] GET /api/listings?user_id=e9f7b0d4-3faf-45d5-b2da-91b317f05dab
[2025-07-24T03:08:53.041Z] GET /api/users/e9f7b0d4-3faf-45d5-b2da-91b317f05dab
[2025-07-24T03:08:53.068Z] GET /api/users/e9f7b0d4-3faf-45d5-b2da-91b317f05dab
[2025-07-24T03:08:53.084Z] GET /api/listings?user_id=e9f7b0d4-3faf-45d5-b2da-91b317f05dab
[2025-07-24T03:08:53.106Z] GET /api/users/e9f7b0d4-3faf-45d5-b2da-91b317f05dab
[2025-07-24T03:08:53.110Z] GET /api/listings?user_id=e9f7b0d4-3faf-45d5-b2da-91b317f05dab
[2025-07-24T03:08:53.149Z] GET /api/listings?user_id=e9f7b0d4-3faf-45d5-b2da-91b317f05dab
[2025-07-24T03:09:21.437Z] GET /api/users/e9f7b0d4-3faf-45d5-b2da-91b317f05dab
[2025-07-24T03:09:21.460Z] GET /api/users/e9f7b0d4-3faf-45d5-b2da-91b317f05dab
[2025-07-24T03:09:21.464Z] GET /api/listings?user_id=e9f7b0d4-3faf-45d5-b2da-91b317f05dab
[2025-07-24T03:09:21.493Z] GET /api/users/e9f7b0d4-3faf-45d5-b2da-91b317f05dab
[2025-07-24T03:09:21.504Z] GET /api/listings?user_id=e9f7b0d4-3faf-45d5-b2da-91b317f05dab
[2025-07-24T03:09:21.528Z] GET /api/listings?user_id=e9f7b0d4-3faf-45d5-b2da-91b317f05dab
[2025-07-24T03:09:24.034Z] GET /api/users/e9f7b0d4-3faf-45d5-b2da-91b317f05dab
[2025-07-24T03:09:24.090Z] GET /api/users/e9f7b0d4-3faf-45d5-b2da-91b317f05dab
[2025-07-24T03:09:24.093Z] GET /api/listings?user_id=e9f7b0d4-3faf-45d5-b2da-91b317f05dab
[2025-07-24T03:09:24.097Z] GET /api/users/e9f7b0d4-3faf-45d5-b2da-91b317f05dab
[2025-07-24T03:09:24.100Z] GET /api/listings?user_id=e9f7b0d4-3faf-45d5-b2da-91b317f05dab
[2025-07-24T03:09:24.112Z] GET /api/listings?user_id=e9f7b0d4-3faf-45d5-b2da-91b317f05dab
[2025-07-24T03:09:25.860Z] GET /api/users/e9f7b0d4-3faf-45d5-b2da-91b317f05dab
[2025-07-24T03:09:25.881Z] GET /api/users/e9f7b0d4-3faf-45d5-b2da-91b317f05dab
[2025-07-24T03:09:25.883Z] GET /api/listings?user_id=e9f7b0d4-3faf-45d5-b2da-91b317f05dab
[2025-07-24T03:09:25.892Z] GET /api/listings?user_id=e9f7b0d4-3faf-45d5-b2da-91b317f05dab
[2025-07-24T03:09:26.214Z] GET /api/users/e9f7b0d4-3faf-45d5-b2da-91b317f05dab
[2025-07-24T03:09:26.226Z] GET /api/users/e9f7b0d4-3faf-45d5-b2da-91b317f05dab
[2025-07-24T03:09:26.227Z] GET /api/listings?user_id=e9f7b0d4-3faf-45d5-b2da-91b317f05dab
[2025-07-24T03:09:26.244Z] GET /api/users/e9f7b0d4-3faf-45d5-b2da-91b317f05dab
[2025-07-24T03:09:26.245Z] GET /api/listings?user_id=e9f7b0d4-3faf-45d5-b2da-91b317f05dab
[2025-07-24T03:09:26.264Z] GET /api/users/e9f7b0d4-3faf-45d5-b2da-91b317f05dab
[2025-07-24T03:09:26.265Z] GET /api/listings?user_id=e9f7b0d4-3faf-45d5-b2da-91b317f05dab
[2025-07-24T03:09:26.273Z] GET /api/listings?user_id=e9f7b0d4-3faf-45d5-b2da-91b317f05dab
[2025-07-24T03:09:29.040Z] GET /api/listings
[2025-07-24T03:09:29.047Z] GET /api/listings/average-ratings
[2025-07-24T03:09:29.059Z] GET /api/users/e9f7b0d4-3faf-45d5-b2da-91b317f05dab
[2025-07-24T03:09:29.071Z] GET /api/listings/average-ratings
[2025-07-24T03:09:29.072Z] GET /api/listings
[2025-07-24T03:09:29.074Z] GET /api/users/e9f7b0d4-3faf-45d5-b2da-91b317f05dab
[2025-07-24T03:09:29.077Z] GET /api/listings?user_id=e9f7b0d4-3faf-45d5-b2da-91b317f05dab
[2025-07-24T03:09:29.093Z] GET /api/users/e9f7b0d4-3faf-45d5-b2da-91b317f05dab
[2025-07-24T03:09:29.093Z] GET /api/listings?user_id=e9f7b0d4-3faf-45d5-b2da-91b317f05dab
[2025-07-24T03:09:29.102Z] GET /api/users/e9f7b0d4-3faf-45d5-b2da-91b317f05dab
[2025-07-24T03:09:29.103Z] GET /api/listings?user_id=e9f7b0d4-3faf-45d5-b2da-91b317f05dab
[2025-07-24T03:09:29.112Z] GET /api/users/e9f7b0d4-3faf-45d5-b2da-91b317f05dab
[2025-07-24T03:09:29.113Z] GET /api/listings?user_id=e9f7b0d4-3faf-45d5-b2da-91b317f05dab
[2025-07-24T03:09:29.122Z] GET /api/users/e9f7b0d4-3faf-45d5-b2da-91b317f05dab
[2025-07-24T03:09:29.123Z] GET /api/listings?user_id=e9f7b0d4-3faf-45d5-b2da-91b317f05dab
[2025-07-24T03:09:29.133Z] GET /api/users/e9f7b0d4-3faf-45d5-b2da-91b317f05dab
[2025-07-24T03:09:29.134Z] GET /api/listings?user_id=e9f7b0d4-3faf-45d5-b2da-91b317f05dab
[2025-07-24T03:09:29.141Z] GET /api/users/e9f7b0d4-3faf-45d5-b2da-91b317f05dab
[2025-07-24T03:09:29.145Z] GET /api/listings?user_id=e9f7b0d4-3faf-45d5-b2da-91b317f05dab
[2025-07-24T03:09:29.153Z] GET /api/users/e9f7b0d4-3faf-45d5-b2da-91b317f05dab
[2025-07-24T03:09:29.154Z] GET /api/listings?user_id=e9f7b0d4-3faf-45d5-b2da-91b317f05dab
[2025-07-24T03:09:29.167Z] GET /api/listings?user_id=e9f7b0d4-3faf-45d5-b2da-91b317f05dab
[2025-07-24T03:10:17.307Z] GET /api/users/e9f7b0d4-3faf-45d5-b2da-91b317f05dab
[2025-07-24T03:10:17.367Z] GET /api/users/e9f7b0d4-3faf-45d5-b2da-91b317f05dab
[2025-07-24T03:10:17.370Z] GET /api/listings?user_id=e9f7b0d4-3faf-45d5-b2da-91b317f05dab
[2025-07-24T03:10:17.374Z] GET /api/users/e9f7b0d4-3faf-45d5-b2da-91b317f05dab
[2025-07-24T03:10:17.381Z] GET /api/listings?user_id=e9f7b0d4-3faf-45d5-b2da-91b317f05dab
[2025-07-24T03:10:17.438Z] GET /api/listings?user_id=e9f7b0d4-3faf-45d5-b2da-91b317f05dab
